0 info it worked if it ends with ok
1 verbose cli [ '/usr/local/node-v0.12.0-linux-x86/bin/node',
1 verbose cli   '/usr/local/node-v0.12.0-linux-x86/bin/npm',
1 verbose cli   'install',
1 verbose cli   '-g',
1 verbose cli   'bower' ]
2 info using npm@2.5.1
3 info using node@v0.12.0
4 silly cache add args [ 'bower', null ]
5 verbose cache add spec bower
6 silly cache add parsed spec { raw: 'bower',
6 silly cache add   scope: null,
6 silly cache add   name: 'bower',
6 silly cache add   rawSpec: '',
6 silly cache add   spec: '*',
6 silly cache add   type: 'range' }
7 verbose addNamed bower@*
8 silly addNamed semver.valid null
9 silly addNamed semver.validRange *
10 silly addNameRange { name: 'bower', range: '*', hasData: false }
11 silly mapToRegistry name bower
12 silly mapToRegistry using default registry
13 silly mapToRegistry registry https://registry.npmjs.org/
14 silly mapToRegistry uri https://registry.npmjs.org/bower
15 verbose addNameRange registry:https://registry.npmjs.org/bower not in flight; fetching
16 verbose request uri https://registry.npmjs.org/bower
17 verbose request no auth needed
18 info attempt registry request try #1 at 11:41:42
19 verbose request id 2a5c84fce3c12327
20 verbose etag "2DO4TXGIB6P2EB5Z48L05AFL6"
21 http request GET https://registry.npmjs.org/bower
22 http 200 https://registry.npmjs.org/bower
23 silly get cb [ 200,
23 silly get   { server: 'CouchDB/1.5.0 (Erlang OTP/R16B03)',
23 silly get     etag: '"6E7E0KPZ2W1PF1SAUZLC9CQGC"',
23 silly get     'content-type': 'application/json',
23 silly get     'content-encoding': 'gzip',
23 silly get     'cache-control': 'max-age=300',
23 silly get     'content-length': '20450',
23 silly get     'accept-ranges': 'bytes',
23 silly get     date: 'Wed, 25 May 2016 09:45:03 GMT',
23 silly get     via: '1.1 varnish',
23 silly get     age: '33',
23 silly get     connection: 'keep-alive',
23 silly get     'x-served-by': 'cache-fra1229-FRA',
23 silly get     'x-cache': 'HIT',
23 silly get     'x-cache-hits': '2',
23 silly get     'x-timer': 'S1464169503.322809,VS0,VE0',
23 silly get     vary: 'Accept-Encoding' } ]
24 verbose get saving bower to /home/student/.npm/registry.npmjs.org/bower/.cache.json
25 silly addNameRange number 2 { name: 'bower', range: '*', hasData: true }
26 silly addNameRange versions [ 'bower',
26 silly addNameRange   [ '0.1.0',
26 silly addNameRange     '0.1.2',
26 silly addNameRange     '0.1.3',
26 silly addNameRange     '0.2.0',
26 silly addNameRange     '0.3.0',
26 silly addNameRange     '0.3.1',
26 silly addNameRange     '0.3.2',
26 silly addNameRange     '0.4.0',
26 silly addNameRange     '0.5.0',
26 silly addNameRange     '0.5.1',
26 silly addNameRange     '0.6.0',
26 silly addNameRange     '0.6.1',
26 silly addNameRange     '0.6.2',
26 silly addNameRange     '0.6.3',
26 silly addNameRange     '0.6.4',
26 silly addNameRange     '0.6.5',
26 silly addNameRange     '0.6.6',
26 silly addNameRange     '0.6.7',
26 silly addNameRange     '0.6.8',
26 silly addNameRange     '0.7.0',
26 silly addNameRange     '0.7.1',
26 silly addNameRange     '0.8.0',
26 silly addNameRange     '0.8.1',
26 silly addNameRange     '0.8.2',
26 silly addNameRange     '0.8.3',
26 silly addNameRange     '0.8.4',
26 silly addNameRange     '0.8.5',
26 silly addNameRange     '0.8.6',
26 silly addNameRange     '0.9.0',
26 silly addNameRange     '0.9.1',
26 silly addNameRange     '0.9.2',
26 silly addNameRange     '0.10.0',
26 silly addNameRange     '1.0.0',
26 silly addNameRange     '1.0.1',
26 silly addNameRange     '1.0.2',
26 silly addNameRange     '1.0.3',
26 silly addNameRange     '1.1.0',
26 silly addNameRange     '1.1.1',
26 silly addNameRange     '1.1.2',
26 silly addNameRange     '1.2.0',
26 silly addNameRange     '1.2.1',
26 silly addNameRange     '1.2.2',
26 silly addNameRange     '1.2.3',
26 silly addNameRange     '1.2.4',
26 silly addNameRange     '1.2.5',
26 silly addNameRange     '1.2.6',
26 silly addNameRange     '1.2.7',
26 silly addNameRange     '1.2.8',
26 silly addNameRange     '1.3.0',
26 silly addNameRange     '1.3.1',
26 silly addNameRange     '1.3.2',
26 silly addNameRange     '1.3.3',
26 silly addNameRange     '1.3.4',
26 silly addNameRange     '1.3.5',
26 silly addNameRange     '1.3.6',
26 silly addNameRange     '1.3.7',
26 silly addNameRange     '1.3.8',
26 silly addNameRange     '1.3.9',
26 silly addNameRange     '1.3.10',
26 silly addNameRange     '1.3.11',
26 silly addNameRange     '1.3.12',
26 silly addNameRange     '1.4.0',
26 silly addNameRange     '1.4.1',
26 silly addNameRange     '1.5.0',
26 silly addNameRange     '1.5.1',
26 silly addNameRange     '1.5.2',
26 silly addNameRange     '1.5.3',
26 silly addNameRange     '1.6.2',
26 silly addNameRange     '1.6.3',
26 silly addNameRange     '1.6.4',
26 silly addNameRange     '1.6.5',
26 silly addNameRange     '1.5.4',
26 silly addNameRange     '1.4.2',
26 silly addNameRange     '1.6.6',
26 silly addNameRange     '1.6.7',
26 silly addNameRange     '1.6.8',
26 silly addNameRange     '1.6.9',
26 silly addNameRange     '1.7.0',
26 silly addNameRange     '1.7.1',
26 silly addNameRange     '1.7.2',
26 silly addNameRange     '1.7.5',
26 silly addNameRange     '1.7.6',
26 silly addNameRange     '1.7.7',
26 silly addNameRange     '1.7.8',
26 silly addNameRange     '1.7.9' ] ]
27 verbose addNamed bower@1.7.9
28 silly addNamed semver.valid 1.7.9
29 silly addNamed semver.validRange 1.7.9
30 silly cache afterAdd bower@1.7.9
31 verbose afterAdd /home/student/.npm/bower/1.7.9/package/package.json not in flight; writing
32 verbose afterAdd /home/student/.npm/bower/1.7.9/package/package.json written
33 silly install resolved [ { name: 'bower',
33 silly install resolved     version: '1.7.9',
33 silly install resolved     description: 'The browser package manager',
33 silly install resolved     author: { name: 'Twitter' },
33 silly install resolved     license: 'MIT',
33 silly install resolved     repository: { type: 'git', url: 'git+https://github.com/bower/bower.git' },
33 silly install resolved     main: 'lib',
33 silly install resolved     bin: { bower: 'bin/bower' },
33 silly install resolved     homepage: 'http://bower.io',
33 silly install resolved     engines: { node: '>=0.10.0' },
33 silly install resolved     keywords: [ 'bower' ],
33 silly install resolved     files: [ 'bin', 'lib' ],
33 silly install resolved     bugs: { url: 'https://github.com/bower/bower/issues' },
33 silly install resolved     _id: 'bower@1.7.9',
33 silly install resolved     scripts: {},
33 silly install resolved     _shasum: 'b7296c2393e0d75edaa6ca39648132dd255812b0',
33 silly install resolved     _from: 'bower@*',
33 silly install resolved     _npmVersion: '3.7.3',
33 silly install resolved     _nodeVersion: '5.9.0',
33 silly install resolved     _npmUser: { name: 'sheerun', email: 'sheerun@sher.pl' },
33 silly install resolved     dist:
33 silly install resolved      { shasum: 'b7296c2393e0d75edaa6ca39648132dd255812b0',
33 silly install resolved        tarball: 'https://registry.npmjs.org/bower/-/bower-1.7.9.tgz' },
33 silly install resolved     maintainers:
33 silly install resolved      [ [Object],
33 silly install resolved        [Object],
33 silly install resolved        [Object],
33 silly install resolved        [Object],
33 silly install resolved        [Object],
33 silly install resolved        [Object],
33 silly install resolved        [Object] ],
33 silly install resolved     _npmOperationalInternal:
33 silly install resolved      { host: 'packages-12-west.internal.npmjs.com',
33 silly install resolved        tmp: 'tmp/bower-1.7.9.tgz_1459857239351_0.9720134933013469' },
33 silly install resolved     directories: {},
33 silly install resolved     _resolved: 'https://registry.npmjs.org/bower/-/bower-1.7.9.tgz',
33 silly install resolved     readme: 'ERROR: No README data found!' } ]
34 info install bower@1.7.9 into /usr/local/node-v0.12.0-linux-x86/lib
35 info installOne bower@1.7.9
36 verbose installOne of bower to /usr/local/node-v0.12.0-linux-x86/lib not in flight; installing
37 verbose lock using /home/student/.npm/_locks/bower-486e211ba13c103b.lock for /usr/local/node-v0.12.0-linux-x86/lib/node_modules/bower
38 silly install write writing bower 1.7.9 to /usr/local/node-v0.12.0-linux-x86/lib/node_modules/bower
39 silly cache addNamed cb bower@1.7.9
40 verbose unbuild lib/node_modules/bower
41 verbose gentlyRm vacuuming /usr/local/node-v0.12.0-linux-x86/lib/node_modules/bower
42 verbose tar unpack /home/student/.npm/bower/1.7.9/package.tgz
43 verbose tar unpacking to /usr/local/node-v0.12.0-linux-x86/lib/node_modules/bower
44 verbose gentlyRm vacuuming /usr/local/node-v0.12.0-linux-x86/lib/node_modules/bower
45 silly gunzTarPerm modes [ '755', '644' ]
46 error tar.unpack untar error /home/student/.npm/bower/1.7.9/package.tgz
47 verbose unlock done using /home/student/.npm/_locks/bower-486e211ba13c103b.lock for /usr/local/node-v0.12.0-linux-x86/lib/node_modules/bower
48 verbose fstream_path /usr/local/node-v0.12.0-linux-x86/lib/node_modules/bower
49 verbose fstream_type Directory
50 verbose fstream_class DirWriter
51 verbose stack Error: EACCES, mkdir '/usr/local/node-v0.12.0-linux-x86/lib/node_modules/bower'
51 verbose stack     at Error (native)
52 verbose fstream_stack /usr/local/node-v0.12.0-linux-x86/lib/node_modules/npm/node_modules/fstream/lib/dir-writer.js:36:23
52 verbose fstream_stack /usr/local/node-v0.12.0-linux-x86/lib/node_modules/npm/node_modules/mkdirp/index.js:46:53
52 verbose fstream_stack FSReqWrap.oncomplete (fs.js:99:15)
53 verbose cwd /home/student/Desktop/TiJO_test_2_gr_2-exercise1/TiJO_test_2_gr_2
54 error Linux 2.6.33.4-smp
55 error argv "/usr/local/node-v0.12.0-linux-x86/bin/node" "/usr/local/node-v0.12.0-linux-x86/bin/npm" "install" "-g" "bower"
56 error node v0.12.0
57 error npm  v2.5.1
58 error path /usr/local/node-v0.12.0-linux-x86/lib/node_modules/bower
59 error code EACCES
60 error errno -13
61 error Error: EACCES, mkdir '/usr/local/node-v0.12.0-linux-x86/lib/node_modules/bower'
61 error     at Error (native)
61 error  { [Error: EACCES, mkdir '/usr/local/node-v0.12.0-linux-x86/lib/node_modules/bower']
61 error   errno: -13,
61 error   code: 'EACCES',
61 error   path: '/usr/local/node-v0.12.0-linux-x86/lib/node_modules/bower',
61 error   fstream_type: 'Directory',
61 error   fstream_path: '/usr/local/node-v0.12.0-linux-x86/lib/node_modules/bower',
61 error   fstream_class: 'DirWriter',
61 error   fstream_stack:
61 error    [ '/usr/local/node-v0.12.0-linux-x86/lib/node_modules/npm/node_modules/fstream/lib/dir-writer.js:36:23',
61 error      '/usr/local/node-v0.12.0-linux-x86/lib/node_modules/npm/node_modules/mkdirp/index.js:46:53',
61 error      'FSReqWrap.oncomplete (fs.js:99:15)' ] }
62 error Please try running this command again as root/Administrator.
63 verbose exit [ -13, true ]
64 verbose unbuild lib/node_modules/bower
65 verbose gentlyRm vacuuming /usr/local/node-v0.12.0-linux-x86/lib/node_modules/bower
